13:56:52.153 [main] INFO  testCases.TC001_AccountRegistrationTest - ******** Starting TC001_AccountRegistration Test *******
13:56:52.383 [main] INFO  testCases.TC001_AccountRegistrationTest - ***Clicked on myAccount Link..... ***
13:56:53.092 [main] INFO  testCases.TC001_AccountRegistrationTest - ***Clicked on Register Link..... ***
13:56:53.094 [main] INFO  testCases.TC001_AccountRegistrationTest - ***Providing customer details..... ***
13:56:54.711 [main] INFO  testCases.TC001_AccountRegistrationTest - ***Validating expected message..... ***
13:56:54.751 [main] INFO  testCases.TC001_AccountRegistrationTest - *********Finished TC001_AccountRegistration Test*********
14:16:09.633 [main] INFO  testCases.TC001_AccountRegistrationTest - ******** Starting TC001_AccountRegistration Test *******
14:16:09.813 [main] INFO  testCases.TC001_AccountRegistrationTest - ***Clicked on myAccount Link..... ***
14:16:10.359 [main] INFO  testCases.TC001_AccountRegistrationTest - ***Clicked on Register Link..... ***
14:16:10.359 [main] INFO  testCases.TC001_AccountRegistrationTest - ***Providing customer details..... ***
14:16:11.799 [main] INFO  testCases.TC001_AccountRegistrationTest - ***Validating expected message..... ***
14:16:11.855 [main] INFO  testCases.TC001_AccountRegistrationTest - *********Finished TC001_AccountRegistration Test*********
14:41:37.075 [main] INFO  testCases.TC001_AccountRegistrationTest - ******** Starting TC001_AccountRegistration Test *******
14:41:37.297 [main] INFO  testCases.TC001_AccountRegistrationTest - ***Clicked on myAccount Link..... ***
14:41:37.922 [main] INFO  testCases.TC001_AccountRegistrationTest - ***Clicked on Register Link..... ***
14:41:37.924 [main] INFO  testCases.TC001_AccountRegistrationTest - ***Providing customer details..... ***
14:41:39.541 [main] INFO  testCases.TC001_AccountRegistrationTest - ***Validating expected message..... ***
14:41:39.594 [main] INFO  testCases.TC001_AccountRegistrationTest - *********Finished TC001_AccountRegistration Test*********
15:15:23.152 [main] INFO  testCases.TC002_LoginPage - *******Starting Login Page**************
15:15:23.562 [main] INFO  testCases.TC002_LoginPage - ******Providing customer details*****
15:15:41.781 [main] INFO  testCases.TC002_LoginPage - *******Starting Login Page**************
15:15:42.269 [main] INFO  testCases.TC002_LoginPage - ******Providing customer details*****
15:25:16.165 [main] INFO  testCases.TC002_LoginPage - *******Starting Login Page**************
15:25:16.553 [main] INFO  testCases.TC002_LoginPage - ******Providing customer details*****
15:34:09.766 [main] INFO  testCases.TC002_LoginPage - *******Starting Login Page**************
15:34:10.226 [main] INFO  testCases.TC002_LoginPage - ******Providing customer details*****
15:34:25.795 [main] INFO  testCases.TC001_AccountRegistrationTest - ******** Starting TC001_AccountRegistration Test *******
15:34:25.934 [main] INFO  testCases.TC001_AccountRegistrationTest - ***Clicked on myAccount Link..... ***
15:34:26.386 [main] INFO  testCases.TC001_AccountRegistrationTest - ***Clicked on Register Link..... ***
15:34:26.388 [main] INFO  testCases.TC001_AccountRegistrationTest - ***Providing customer details..... ***
15:34:27.775 [main] INFO  testCases.TC001_AccountRegistrationTest - ***Validating expected message..... ***
15:34:27.807 [main] INFO  testCases.TC001_AccountRegistrationTest - *********Finished TC001_AccountRegistration Test*********
15:34:59.859 [main] INFO  testCases.TC002_LoginPage - *******Starting Login Page**************
15:35:00.274 [main] INFO  testCases.TC002_LoginPage - ******Providing customer details*****
15:35:47.588 [main] INFO  testCases.TC001_AccountRegistrationTest - ******** Starting TC001_AccountRegistration Test *******
15:35:47.709 [main] INFO  testCases.TC001_AccountRegistrationTest - ***Clicked on myAccount Link..... ***
15:35:48.183 [main] INFO  testCases.TC001_AccountRegistrationTest - ***Clicked on Register Link..... ***
15:35:48.186 [main] INFO  testCases.TC001_AccountRegistrationTest - ***Providing customer details..... ***
15:35:49.588 [main] INFO  testCases.TC001_AccountRegistrationTest - ***Validating expected message..... ***
15:35:49.623 [main] INFO  testCases.TC001_AccountRegistrationTest - *********Finished TC001_AccountRegistration Test*********
15:35:54.906 [main] INFO  testCases.TC002_LoginPage - *******Starting Login Page**************
15:35:55.338 [main] INFO  testCases.TC002_LoginPage - ******Providing customer details*****
15:40:40.833 [main] INFO  testCases.TC002_LoginPage - *******Starting Login Page**************
15:40:41.291 [main] INFO  testCases.TC002_LoginPage - ******Providing customer details*****
15:41:20.563 [main] INFO  testCases.TC002_LoginPage - *******Starting Login Page**************
15:41:20.954 [main] INFO  testCases.TC002_LoginPage - ******Providing customer details*****
15:45:10.084 [main] INFO  testCases.TC002_LoginPage - *******Starting Login Page**************
15:45:10.493 [main] INFO  testCases.TC002_LoginPage - ******Providing customer details*****
15:45:11.574 [main] INFO  testCases.TC002_LoginPage - ********Finished TC002_LoginPage
15:48:55.776 [main] INFO  testCases.TC002_LoginPage - *******Starting Login Page**************
15:48:56.267 [main] INFO  testCases.TC002_LoginPage - ******Providing customer details*****
15:48:57.358 [main] INFO  testCases.TC002_LoginPage - ********Finished TC002_LoginPage
15:50:02.856 [main] INFO  testCases.TC002_LoginPage - *******Starting Login Page**************
15:50:03.995 [main] INFO  testCases.TC002_LoginPage - ******Providing customer details*****
15:50:07.635 [main] INFO  testCases.TC002_LoginPage - ********Finished TC002_LoginPage
15:50:12.760 [main] INFO  testCases.TC001_AccountRegistrationTest - ******** Starting TC001_AccountRegistration Test *******
15:50:12.931 [main] INFO  testCases.TC001_AccountRegistrationTest - ***Clicked on myAccount Link..... ***
15:50:13.483 [main] INFO  testCases.TC001_AccountRegistrationTest - ***Clicked on Register Link..... ***
15:50:13.486 [main] INFO  testCases.TC001_AccountRegistrationTest - ***Providing customer details..... ***
15:50:14.846 [main] INFO  testCases.TC001_AccountRegistrationTest - ***Validating expected message..... ***
15:50:14.875 [main] INFO  testCases.TC001_AccountRegistrationTest - *********Finished TC001_AccountRegistration Test*********
16:11:02.632 [main] INFO  testCases.TC002_LoginPage - *******Starting Login Page**************
16:11:03.048 [main] INFO  testCases.TC002_LoginPage - ******Providing customer details*****
16:11:04.031 [main] INFO  testCases.TC002_LoginPage - ********Finished TC002_LoginPage
16:11:09.388 [main] INFO  testCases.TC001_AccountRegistrationTest - ******** Starting TC001_AccountRegistration Test *******
16:11:09.488 [main] INFO  testCases.TC001_AccountRegistrationTest - ***Clicked on myAccount Link..... ***
16:11:09.926 [main] INFO  testCases.TC001_AccountRegistrationTest - ***Clicked on Register Link..... ***
16:11:09.932 [main] INFO  testCases.TC001_AccountRegistrationTest - ***Providing customer details..... ***
16:11:11.226 [main] INFO  testCases.TC001_AccountRegistrationTest - ***Validating expected message..... ***
16:11:11.279 [main] INFO  testCases.TC001_AccountRegistrationTest - *********Finished TC001_AccountRegistration Test*********
17:10:23.142 [main] INFO  testCases.TC002_LoginPage - *******Starting Login Page**************
17:10:23.767 [main] INFO  testCases.TC002_LoginPage - ******Providing customer details*****
17:10:24.923 [main] INFO  testCases.TC002_LoginPage - ********Finished TC002_LoginPage
17:10:31.455 [main] INFO  testCases.TC001_AccountRegistrationTest - ******** Starting TC001_AccountRegistration Test *******
17:10:31.571 [main] INFO  testCases.TC001_AccountRegistrationTest - ***Clicked on myAccount Link..... ***
17:10:32.633 [main] INFO  testCases.TC001_AccountRegistrationTest - ***Clicked on Register Link..... ***
17:10:32.636 [main] INFO  testCases.TC001_AccountRegistrationTest - ***Providing customer details..... ***
17:10:34.230 [main] INFO  testCases.TC001_AccountRegistrationTest - ***Validating expected message..... ***
17:10:34.287 [main] INFO  testCases.TC001_AccountRegistrationTest - *********Finished TC001_AccountRegistration Test*********
17:29:19.673 [main] INFO  testCases.LoginDP_testcase - ******Starting loginDP****
17:29:20.302 [main] INFO  testCases.LoginDP_testcase - ******Providing customer details*****
17:29:21.897 [main] INFO  testCases.LoginDP_testcase - ******Starting loginDP****
17:29:22.252 [main] INFO  testCases.LoginDP_testcase - ******Providing customer details*****
17:29:23.588 [main] INFO  testCases.LoginDP_testcase - ******Starting loginDP****
17:29:23.935 [main] INFO  testCases.LoginDP_testcase - ******Providing customer details*****
17:29:25.215 [main] INFO  testCases.LoginDP_testcase - ******Starting loginDP****
17:29:25.549 [main] INFO  testCases.LoginDP_testcase - ******Providing customer details*****
17:29:26.839 [main] INFO  testCases.LoginDP_testcase - ******Starting loginDP****
17:29:27.188 [main] INFO  testCases.LoginDP_testcase - ******Providing customer details*****
17:29:28.359 [main] INFO  testCases.LoginDP_testcase - ******Starting loginDP****
17:36:19.398 [main] INFO  testCases.LoginDP_testcase - ******Starting loginDP****
17:36:19.908 [main] INFO  testCases.LoginDP_testcase - ******Providing customer details*****
17:36:21.281 [main] INFO  testCases.LoginDP_testcase - ******Starting loginDP****
17:36:21.718 [main] INFO  testCases.LoginDP_testcase - ******Providing customer details*****
17:36:23.124 [main] INFO  testCases.LoginDP_testcase - ******Starting loginDP****
17:36:23.516 [main] INFO  testCases.LoginDP_testcase - ******Providing customer details*****
17:36:24.961 [main] INFO  testCases.LoginDP_testcase - ******Starting loginDP****
17:36:25.382 [main] INFO  testCases.LoginDP_testcase - ******Providing customer details*****
17:36:26.920 [main] INFO  testCases.LoginDP_testcase - ******Starting loginDP****
17:36:27.302 [main] INFO  testCases.LoginDP_testcase - ******Providing customer details*****
17:36:28.296 [main] INFO  testCases.LoginDP_testcase - ******Starting loginDP****
12:38:23.542 [main] INFO  testCases.TC002_LoginPage - *******Starting Login Page**************
12:38:24.009 [main] INFO  testCases.TC002_LoginPage - ******Providing customer details*****
12:38:25.050 [main] INFO  testCases.TC002_LoginPage - ********Finished TC002_LoginPage
12:38:52.061 [main] INFO  testCases.TC001_AccountRegistrationTest - ******** Starting TC001_AccountRegistration Test *******
12:38:52.183 [main] INFO  testCases.TC001_AccountRegistrationTest - ***Clicked on myAccount Link..... ***
12:38:52.659 [main] INFO  testCases.TC001_AccountRegistrationTest - ***Clicked on Register Link..... ***
12:38:52.662 [main] INFO  testCases.TC001_AccountRegistrationTest - ***Providing customer details..... ***
12:38:53.963 [main] INFO  testCases.TC001_AccountRegistrationTest - ***Validating expected message..... ***
12:38:54.012 [main] INFO  testCases.TC001_AccountRegistrationTest - *********Finished TC001_AccountRegistration Test*********
12:39:57.014 [main] INFO  testCases.TC002_LoginPage - *******Starting Login Page**************
12:39:57.538 [main] INFO  testCases.TC002_LoginPage - ******Providing customer details*****
12:39:58.583 [main] INFO  testCases.TC002_LoginPage - ********Finished TC002_LoginPage
12:40:03.933 [main] INFO  testCases.TC001_AccountRegistrationTest - ******** Starting TC001_AccountRegistration Test *******
12:40:04.136 [main] INFO  testCases.TC001_AccountRegistrationTest - ***Clicked on myAccount Link..... ***
12:40:05.277 [main] INFO  testCases.TC001_AccountRegistrationTest - ***Clicked on Register Link..... ***
12:40:05.281 [main] INFO  testCases.TC001_AccountRegistrationTest - ***Providing customer details..... ***
12:40:08.548 [main] INFO  testCases.TC001_AccountRegistrationTest - ***Validating expected message..... ***
12:40:08.590 [main] INFO  testCases.TC001_AccountRegistrationTest - *********Finished TC001_AccountRegistration Test*********
12:41:37.585 [main] INFO  testCases.TC002_LoginPage - *******Starting Login Page**************
12:41:38.085 [main] INFO  testCases.TC002_LoginPage - ******Providing customer details*****
12:41:39.213 [main] INFO  testCases.TC002_LoginPage - ********Finished TC002_LoginPage
12:41:44.605 [main] INFO  testCases.TC001_AccountRegistrationTest - ******** Starting TC001_AccountRegistration Test *******
12:41:44.709 [main] INFO  testCases.TC001_AccountRegistrationTest - ***Clicked on myAccount Link..... ***
12:41:45.329 [main] INFO  testCases.TC001_AccountRegistrationTest - ***Clicked on Register Link..... ***
12:41:45.332 [main] INFO  testCases.TC001_AccountRegistrationTest - ***Providing customer details..... ***
12:41:46.701 [main] INFO  testCases.TC001_AccountRegistrationTest - ***Validating expected message..... ***
12:41:46.732 [main] INFO  testCases.TC001_AccountRegistrationTest - *********Finished TC001_AccountRegistration Test*********
12:44:31.744 [main] INFO  testCases.LoginDP_testcase - ******Starting loginDP****
12:44:32.186 [main] INFO  testCases.LoginDP_testcase - ******Providing customer details*****
12:44:33.462 [main] INFO  testCases.LoginDP_testcase - ******Starting loginDP****
12:44:33.837 [main] INFO  testCases.LoginDP_testcase - ******Providing customer details*****
12:44:35.124 [main] INFO  testCases.LoginDP_testcase - ******Starting loginDP****
12:44:35.467 [main] INFO  testCases.LoginDP_testcase - ******Providing customer details*****
12:44:36.747 [main] INFO  testCases.LoginDP_testcase - ******Starting loginDP****
12:44:37.078 [main] INFO  testCases.LoginDP_testcase - ******Providing customer details*****
12:44:38.426 [main] INFO  testCases.LoginDP_testcase - ******Starting loginDP****
12:44:38.811 [main] INFO  testCases.LoginDP_testcase - ******Providing customer details*****
12:44:39.828 [main] INFO  testCases.LoginDP_testcase - ******Starting loginDP****
12:44:55.307 [main] INFO  testCases.TC002_LoginPage - *******Starting Login Page**************
12:44:55.794 [main] INFO  testCases.TC002_LoginPage - ******Providing customer details*****
12:44:56.761 [main] INFO  testCases.TC002_LoginPage - ********Finished TC002_LoginPage
12:45:01.971 [main] INFO  testCases.TC001_AccountRegistrationTest - ******** Starting TC001_AccountRegistration Test *******
12:45:02.109 [main] INFO  testCases.TC001_AccountRegistrationTest - ***Clicked on myAccount Link..... ***
12:45:03.179 [main] INFO  testCases.TC001_AccountRegistrationTest - ***Clicked on Register Link..... ***
12:45:03.181 [main] INFO  testCases.TC001_AccountRegistrationTest - ***Providing customer details..... ***
12:45:07.376 [main] INFO  testCases.TC001_AccountRegistrationTest - ***Validating expected message..... ***
12:45:07.428 [main] INFO  testCases.TC001_AccountRegistrationTest - *********Finished TC001_AccountRegistration Test*********
13:47:26.127 [main] INFO  testCases.TC001_AccountRegistrationTest - ******** Starting TC001_AccountRegistration Test *******
13:47:26.254 [main] INFO  testCases.TC001_AccountRegistrationTest - ***Clicked on myAccount Link..... ***
13:47:26.748 [main] INFO  testCases.TC001_AccountRegistrationTest - ***Clicked on Register Link..... ***
13:47:26.749 [main] INFO  testCases.TC001_AccountRegistrationTest - ***Providing customer details..... ***
13:47:28.071 [main] INFO  testCases.TC001_AccountRegistrationTest - ***Validating expected message..... ***
13:47:28.112 [main] INFO  testCases.TC001_AccountRegistrationTest - *********Finished TC001_AccountRegistration Test*********
13:47:33.399 [main] INFO  testCases.TC002_LoginPage - *******Starting Login Page**************
13:47:33.876 [main] INFO  testCases.TC002_LoginPage - ******Providing customer details*****
13:47:34.927 [main] INFO  testCases.TC002_LoginPage - ********Finished TC002_LoginPage
13:52:02.643 [main] INFO  testCases.TC001_AccountRegistrationTest - ******** Starting TC001_AccountRegistration Test *******
13:52:02.763 [main] INFO  testCases.TC001_AccountRegistrationTest - ***Clicked on myAccount Link..... ***
13:52:03.291 [main] INFO  testCases.TC001_AccountRegistrationTest - ***Clicked on Register Link..... ***
13:52:03.294 [main] INFO  testCases.TC001_AccountRegistrationTest - ***Providing customer details..... ***
13:52:04.662 [main] INFO  testCases.TC001_AccountRegistrationTest - ***Validating expected message..... ***
13:52:04.699 [main] ERROR testCases.TC001_AccountRegistrationTest - Test failed
13:52:10.227 [main] INFO  testCases.TC002_LoginPage - *******Starting Login Page**************
13:52:10.684 [main] INFO  testCases.TC002_LoginPage - ******Providing customer details*****
13:52:11.579 [main] INFO  testCases.TC002_LoginPage - ********Finished TC002_LoginPage
17:29:50.016 [main] INFO  testCases.TC001_AccountRegistrationTest - ******** Starting TC001_AccountRegistration Test *******
17:59:50.750 [main] INFO  testCases.TC001_AccountRegistrationTest - ******** Starting TC001_AccountRegistration Test *******
17:59:50.964 [main] INFO  testCases.TC001_AccountRegistrationTest - ***Clicked on myAccount Link..... ***
17:59:51.468 [main] INFO  testCases.TC001_AccountRegistrationTest - ***Clicked on Register Link..... ***
17:59:51.471 [main] INFO  testCases.TC001_AccountRegistrationTest - ***Providing customer details..... ***
17:59:53.562 [main] INFO  testCases.TC001_AccountRegistrationTest - ***Validating expected message..... ***
17:59:53.604 [main] INFO  testCases.TC001_AccountRegistrationTest - *********Finished TC001_AccountRegistration Test*********
17:59:59.664 [main] INFO  testCases.TC002_LoginPage - *******Starting Login Page**************
18:00:00.236 [main] INFO  testCases.TC002_LoginPage - ******Providing customer details*****
18:00:01.688 [main] INFO  testCases.TC002_LoginPage - ********Finished TC002_LoginPage
18:07:54.421 [main] INFO  testCases.TC001_AccountRegistrationTest - ******** Starting TC001_AccountRegistration Test *******
18:07:54.555 [main] INFO  testCases.TC001_AccountRegistrationTest - ***Clicked on myAccount Link..... ***
18:07:55.029 [main] INFO  testCases.TC001_AccountRegistrationTest - ***Clicked on Register Link..... ***
18:07:55.030 [main] INFO  testCases.TC001_AccountRegistrationTest - ***Providing customer details..... ***
18:07:56.595 [main] INFO  testCases.TC001_AccountRegistrationTest - ***Validating expected message..... ***
18:07:56.635 [main] INFO  testCases.TC001_AccountRegistrationTest - *********Finished TC001_AccountRegistration Test*********
18:08:01.871 [main] INFO  testCases.TC002_LoginPage - *******Starting Login Page**************
18:08:02.404 [main] INFO  testCases.TC002_LoginPage - ******Providing customer details*****
18:08:03.618 [main] INFO  testCases.TC002_LoginPage - ********Finished TC002_LoginPage
18:19:18.615 [main] INFO  testCases.TC001_AccountRegistrationTest - ******** Starting TC001_AccountRegistration Test *******
18:19:18.888 [main] INFO  testCases.TC001_AccountRegistrationTest - ***Clicked on myAccount Link..... ***
18:19:19.532 [main] INFO  testCases.TC001_AccountRegistrationTest - ***Clicked on Register Link..... ***
18:19:19.537 [main] INFO  testCases.TC001_AccountRegistrationTest - ***Providing customer details..... ***
18:19:22.254 [main] INFO  testCases.TC001_AccountRegistrationTest - ***Validating expected message..... ***
18:19:22.323 [main] INFO  testCases.TC001_AccountRegistrationTest - *********Finished TC001_AccountRegistration Test*********
18:19:27.795 [main] INFO  testCases.TC002_LoginPage - *******Starting Login Page**************
18:19:28.638 [main] INFO  testCases.TC002_LoginPage - ******Providing customer details*****
18:19:29.816 [main] INFO  testCases.TC002_LoginPage - ********Finished TC002_LoginPage
18:20:05.069 [main] INFO  testCases.TC001_AccountRegistrationTest - ******** Starting TC001_AccountRegistration Test *******
18:20:05.418 [main] INFO  testCases.TC001_AccountRegistrationTest - ***Clicked on myAccount Link..... ***
18:20:06.587 [main] INFO  testCases.TC001_AccountRegistrationTest - ***Clicked on Register Link..... ***
18:20:06.589 [main] INFO  testCases.TC001_AccountRegistrationTest - ***Providing customer details..... ***
18:20:08.142 [main] INFO  testCases.TC001_AccountRegistrationTest - ***Validating expected message..... ***
18:20:09.052 [main] INFO  testCases.TC001_AccountRegistrationTest - *********Finished TC001_AccountRegistration Test*********
18:20:14.506 [main] INFO  testCases.TC002_LoginPage - *******Starting Login Page**************
18:20:15.223 [main] INFO  testCases.TC002_LoginPage - ******Providing customer details*****
18:20:16.567 [main] INFO  testCases.TC002_LoginPage - ********Finished TC002_LoginPage
20:26:41.908 [main] INFO  testCases.TC001_AccountRegistrationTest - ******** Starting TC001_AccountRegistration Test *******
20:26:42.090 [main] INFO  testCases.TC001_AccountRegistrationTest - ***Clicked on myAccount Link..... ***
20:26:42.513 [main] INFO  testCases.TC001_AccountRegistrationTest - ***Clicked on Register Link..... ***
20:26:42.515 [main] INFO  testCases.TC001_AccountRegistrationTest - ***Providing customer details..... ***
20:26:44.336 [main] INFO  testCases.TC001_AccountRegistrationTest - ***Validating expected message..... ***
20:26:44.386 [main] INFO  testCases.TC001_AccountRegistrationTest - *********Finished TC001_AccountRegistration Test*********
20:26:49.250 [main] INFO  testCases.TC002_LoginPage - *******Starting Login Page**************
20:26:49.639 [main] INFO  testCases.TC002_LoginPage - ******Providing customer details*****
20:26:50.571 [main] INFO  testCases.TC002_LoginPage - ********Finished TC002_LoginPage
11:46:29.512 [main] INFO  testCases.TC001_AccountRegistrationTest - ******** Starting TC001_AccountRegistration Test *******
11:46:29.706 [main] INFO  testCases.TC001_AccountRegistrationTest - ***Clicked on myAccount Link..... ***
11:46:30.121 [main] INFO  testCases.TC001_AccountRegistrationTest - ***Clicked on Register Link..... ***
11:46:30.139 [main] INFO  testCases.TC001_AccountRegistrationTest - ***Providing customer details..... ***
11:46:31.551 [main] INFO  testCases.TC001_AccountRegistrationTest - ***Validating expected message..... ***
11:46:31.601 [main] INFO  testCases.TC001_AccountRegistrationTest - *********Finished TC001_AccountRegistration Test*********
11:46:36.566 [main] INFO  testCases.TC002_LoginPage - *******Starting Login Page**************
11:46:37.034 [main] INFO  testCases.TC002_LoginPage - ******Providing customer details*****
11:46:37.983 [main] INFO  testCases.TC002_LoginPage - ********Finished TC002_LoginPage
13:39:19.018 [main] INFO  testCases.TC001_AccountRegistrationTest - ******** Starting TC001_AccountRegistration Test *******
13:39:19.220 [main] INFO  testCases.TC001_AccountRegistrationTest - ***Clicked on myAccount Link..... ***
13:39:20.036 [main] INFO  testCases.TC001_AccountRegistrationTest - ***Clicked on Register Link..... ***
13:39:20.040 [main] INFO  testCases.TC001_AccountRegistrationTest - ***Providing customer details..... ***
13:39:21.828 [main] INFO  testCases.TC001_AccountRegistrationTest - ***Validating expected message..... ***
13:39:21.909 [main] INFO  testCases.TC001_AccountRegistrationTest - *********Finished TC001_AccountRegistration Test*********
13:39:28.286 [main] INFO  testCases.TC002_LoginPage - *******Starting Login Page**************
13:39:28.778 [main] INFO  testCases.TC002_LoginPage - ******Providing customer details*****
13:39:29.952 [main] INFO  testCases.TC002_LoginPage - ********Finished TC002_LoginPage
13:48:06.772 [main] INFO  testCases.TC001_AccountRegistrationTest - ******** Starting TC001_AccountRegistration Test *******
13:48:07.203 [main] INFO  testCases.TC001_AccountRegistrationTest - ***Clicked on myAccount Link..... ***
13:48:07.832 [main] INFO  testCases.TC001_AccountRegistrationTest - ***Clicked on Register Link..... ***
13:48:07.839 [main] INFO  testCases.TC001_AccountRegistrationTest - ***Providing customer details..... ***
13:48:10.285 [main] INFO  testCases.TC001_AccountRegistrationTest - ***Validating expected message..... ***
13:48:10.389 [main] INFO  testCases.TC001_AccountRegistrationTest - *********Finished TC001_AccountRegistration Test*********
13:48:16.780 [main] INFO  testCases.TC002_LoginPage - *******Starting Login Page**************
13:48:17.818 [main] INFO  testCases.TC002_LoginPage - ******Providing customer details*****
13:48:18.968 [main] INFO  testCases.TC002_LoginPage - ********Finished TC002_LoginPage
14:13:28.772 [main] INFO  testCases.TC001_AccountRegistrationTest - ******** Starting TC001_AccountRegistration Test *******
14:13:29.259 [main] INFO  testCases.TC001_AccountRegistrationTest - ***Clicked on myAccount Link..... ***
14:13:29.934 [main] INFO  testCases.TC001_AccountRegistrationTest - ***Clicked on Register Link..... ***
14:13:29.937 [main] INFO  testCases.TC001_AccountRegistrationTest - ***Providing customer details..... ***
14:13:31.483 [main] INFO  testCases.TC001_AccountRegistrationTest - ***Validating expected message..... ***
14:13:31.594 [main] ERROR testCases.TC001_AccountRegistrationTest - Test failed
14:13:38.057 [main] INFO  testCases.TC002_LoginPage - *******Starting Login Page**************
14:13:38.591 [main] INFO  testCases.TC002_LoginPage - ******Providing customer details*****
14:14:21.425 [main] INFO  testCases.TC001_AccountRegistrationTest - ******** Starting TC001_AccountRegistration Test *******
14:14:21.612 [main] INFO  testCases.TC001_AccountRegistrationTest - ***Clicked on myAccount Link..... ***
14:14:22.208 [main] INFO  testCases.TC001_AccountRegistrationTest - ***Clicked on Register Link..... ***
14:14:22.210 [main] INFO  testCases.TC001_AccountRegistrationTest - ***Providing customer details..... ***
14:14:24.490 [main] INFO  testCases.TC001_AccountRegistrationTest - ***Validating expected message..... ***
14:14:24.548 [main] INFO  testCases.TC001_AccountRegistrationTest - *********Finished TC001_AccountRegistration Test*********
14:14:30.126 [main] INFO  testCases.TC002_LoginPage - *******Starting Login Page**************
14:14:30.725 [main] INFO  testCases.TC002_LoginPage - ******Providing customer details*****
14:14:31.716 [main] INFO  testCases.TC002_LoginPage - ********Finished TC002_LoginPage
14:16:48.844 [main] INFO  testCases.TC001_AccountRegistrationTest - ******** Starting TC001_AccountRegistration Test *******
14:16:49.202 [main] INFO  testCases.TC001_AccountRegistrationTest - ***Clicked on myAccount Link..... ***
14:16:49.937 [main] INFO  testCases.TC001_AccountRegistrationTest - ***Clicked on Register Link..... ***
14:16:49.942 [main] INFO  testCases.TC001_AccountRegistrationTest - ***Providing customer details..... ***
14:16:51.255 [main] INFO  testCases.TC001_AccountRegistrationTest - ***Validating expected message..... ***
14:16:51.963 [main] INFO  testCases.TC001_AccountRegistrationTest - *********Finished TC001_AccountRegistration Test*********
14:16:57.712 [main] INFO  testCases.TC002_LoginPage - *******Starting Login Page**************
14:16:58.375 [main] INFO  testCases.TC002_LoginPage - ******Providing customer details*****
14:16:59.553 [main] INFO  testCases.TC002_LoginPage - ********Finished TC002_LoginPage
14:18:10.451 [main] INFO  testCases.TC001_AccountRegistrationTest - ******** Starting TC001_AccountRegistration Test *******
14:18:10.507 [main] INFO  testCases.TC002_LoginPage - *******Starting Login Page**************
14:20:17.466 [main] INFO  testCases.TC001_AccountRegistrationTest - ******** Starting TC001_AccountRegistration Test *******
14:20:17.606 [main] INFO  testCases.TC001_AccountRegistrationTest - ***Clicked on myAccount Link..... ***
14:20:18.029 [main] INFO  testCases.TC001_AccountRegistrationTest - ***Clicked on Register Link..... ***
14:20:18.031 [main] INFO  testCases.TC001_AccountRegistrationTest - ***Providing customer details..... ***
14:20:19.088 [main] INFO  testCases.TC001_AccountRegistrationTest - ***Validating expected message..... ***
14:20:19.115 [main] INFO  testCases.TC001_AccountRegistrationTest - *********Finished TC001_AccountRegistration Test*********
14:20:28.907 [main] INFO  testCases.TC002_LoginPage - *******Starting Login Page**************
14:20:29.227 [main] INFO  testCases.TC002_LoginPage - ******Providing customer details*****
14:20:30.017 [main] INFO  testCases.TC002_LoginPage - ********Finished TC002_LoginPage
14:21:13.244 [main] INFO  testCases.TC001_AccountRegistrationTest - ******** Starting TC001_AccountRegistration Test *******
14:21:13.310 [main] INFO  testCases.TC002_LoginPage - *******Starting Login Page**************
14:21:49.339 [main] INFO  testCases.TC001_AccountRegistrationTest - ******** Starting TC001_AccountRegistration Test *******
14:21:49.426 [main] INFO  testCases.TC002_LoginPage - *******Starting Login Page**************
14:23:46.582 [main] INFO  testCases.TC001_AccountRegistrationTest - ******** Starting TC001_AccountRegistration Test *******
14:23:46.699 [main] INFO  testCases.TC002_LoginPage - *******Starting Login Page**************
14:25:34.413 [main] INFO  testCases.TC001_AccountRegistrationTest - ******** Starting TC001_AccountRegistration Test *******
14:25:34.477 [main] INFO  testCases.TC002_LoginPage - *******Starting Login Page**************
14:26:27.270 [main] INFO  testCases.TC001_AccountRegistrationTest - ******** Starting TC001_AccountRegistration Test *******
14:26:27.323 [main] INFO  testCases.TC002_LoginPage - *******Starting Login Page**************
14:37:35.266 [main] INFO  testCases.TC001_AccountRegistrationTest - ******** Starting TC001_AccountRegistration Test *******
14:37:35.421 [main] INFO  testCases.TC001_AccountRegistrationTest - ***Clicked on myAccount Link..... ***
14:37:36.097 [main] INFO  testCases.TC001_AccountRegistrationTest - ***Clicked on Register Link..... ***
14:37:36.100 [main] INFO  testCases.TC001_AccountRegistrationTest - ***Providing customer details..... ***
14:37:37.340 [main] INFO  testCases.TC001_AccountRegistrationTest - ***Validating expected message..... ***
14:37:37.373 [main] INFO  testCases.TC001_AccountRegistrationTest - *********Finished TC001_AccountRegistration Test*********
14:37:47.685 [main] INFO  testCases.TC002_LoginPage - *******Starting Login Page**************
14:37:48.130 [main] INFO  testCases.TC002_LoginPage - ******Providing customer details*****
14:37:49.164 [main] INFO  testCases.TC002_LoginPage - ********Finished TC002_LoginPage
14:48:16.258 [main] INFO  testCases.TC001_AccountRegistrationTest - ******** Starting TC001_AccountRegistration Test *******
14:48:16.566 [main] INFO  testCases.TC001_AccountRegistrationTest - ***Clicked on myAccount Link..... ***
14:48:17.138 [main] INFO  testCases.TC001_AccountRegistrationTest - ***Clicked on Register Link..... ***
14:48:17.143 [main] INFO  testCases.TC001_AccountRegistrationTest - ***Providing customer details..... ***
14:48:19.261 [main] INFO  testCases.TC001_AccountRegistrationTest - ***Validating expected message..... ***
14:48:19.378 [main] INFO  testCases.TC001_AccountRegistrationTest - *********Finished TC001_AccountRegistration Test*********
14:48:24.997 [main] INFO  testCases.TC002_LoginPage - *******Starting Login Page**************
14:48:25.779 [main] INFO  testCases.TC002_LoginPage - ******Providing customer details*****
14:48:27.252 [main] INFO  testCases.TC002_LoginPage - ********Finished TC002_LoginPage
16:18:12.919 [TestNG-tests-1] INFO  testCases.TC001_AccountRegistrationTest - ******** Starting TC001_AccountRegistration Test *******
16:18:16.875 [TestNG-tests-1] INFO  testCases.TC001_AccountRegistrationTest - ***Clicked on myAccount Link..... ***
16:18:17.359 [TestNG-tests-1] INFO  testCases.TC001_AccountRegistrationTest - ***Clicked on Register Link..... ***
16:18:17.362 [TestNG-tests-1] INFO  testCases.TC001_AccountRegistrationTest - ***Providing customer details..... ***
16:18:18.886 [TestNG-tests-1] INFO  testCases.TC001_AccountRegistrationTest - ***Validating expected message..... ***
16:18:18.915 [TestNG-tests-1] INFO  testCases.TC001_AccountRegistrationTest - *********Finished TC001_AccountRegistration Test*********
16:18:19.787 [TestNG-tests-3] INFO  testCases.TC001_AccountRegistrationTest - ******** Starting TC001_AccountRegistration Test *******
16:20:15.247 [TestNG-tests-1] INFO  testCases.TC001_AccountRegistrationTest - ******** Starting TC001_AccountRegistration Test *******
16:20:16.449 [TestNG-tests-1] INFO  testCases.TC001_AccountRegistrationTest - ***Clicked on myAccount Link..... ***
16:20:17.092 [TestNG-tests-1] INFO  testCases.TC001_AccountRegistrationTest - ***Clicked on Register Link..... ***
16:20:17.094 [TestNG-tests-1] INFO  testCases.TC001_AccountRegistrationTest - ***Providing customer details..... ***
16:20:18.638 [TestNG-tests-1] INFO  testCases.TC001_AccountRegistrationTest - ***Validating expected message..... ***
16:20:18.664 [TestNG-tests-1] INFO  testCases.TC001_AccountRegistrationTest - *********Finished TC001_AccountRegistration Test*********
16:20:19.354 [TestNG-tests-3] INFO  testCases.TC001_AccountRegistrationTest - ******** Starting TC001_AccountRegistration Test *******
16:26:25.151 [main] INFO  testCases.TC002_LoginPage - *******Starting Login Page**************
16:26:25.619 [main] INFO  testCases.TC002_LoginPage - ******Providing customer details*****
16:26:26.663 [main] INFO  testCases.TC002_LoginPage - ********Finished TC002_LoginPage
16:26:31.990 [main] INFO  testCases.TC001_AccountRegistrationTest - ******** Starting TC001_AccountRegistration Test *******
16:26:32.123 [main] INFO  testCases.TC001_AccountRegistrationTest - ***Clicked on myAccount Link..... ***
16:26:32.579 [main] INFO  testCases.TC001_AccountRegistrationTest - ***Clicked on Register Link..... ***
16:26:32.585 [main] INFO  testCases.TC001_AccountRegistrationTest - ***Providing customer details..... ***
16:26:34.021 [main] INFO  testCases.TC001_AccountRegistrationTest - ***Validating expected message..... ***
16:26:34.065 [main] INFO  testCases.TC001_AccountRegistrationTest - *********Finished TC001_AccountRegistration Test*********
16:35:31.051 [main] INFO  testCases.TC002_LoginPage - *******Starting Login Page**************
16:35:31.556 [main] INFO  testCases.TC002_LoginPage - ******Providing customer details*****
16:35:32.656 [main] INFO  testCases.TC002_LoginPage - ********Finished TC002_LoginPage
16:35:38.162 [main] INFO  testCases.TC001_AccountRegistrationTest - ******** Starting TC001_AccountRegistration Test *******
16:35:38.266 [main] INFO  testCases.TC001_AccountRegistrationTest - ***Clicked on myAccount Link..... ***
16:35:38.872 [main] INFO  testCases.TC001_AccountRegistrationTest - ***Clicked on Register Link..... ***
16:35:38.875 [main] INFO  testCases.TC001_AccountRegistrationTest - ***Providing customer details..... ***
16:35:40.313 [main] INFO  testCases.TC001_AccountRegistrationTest - ***Validating expected message..... ***
16:35:40.354 [main] INFO  testCases.TC001_AccountRegistrationTest - *********Finished TC001_AccountRegistration Test*********
16:38:47.596 [main] INFO  testCases.TC002_LoginPage - *******Starting Login Page**************
16:38:48.065 [main] INFO  testCases.TC002_LoginPage - ******Providing customer details*****
16:38:49.139 [main] INFO  testCases.TC002_LoginPage - ********Finished TC002_LoginPage
16:38:54.421 [main] INFO  testCases.TC001_AccountRegistrationTest - ******** Starting TC001_AccountRegistration Test *******
16:38:54.559 [main] INFO  testCases.TC001_AccountRegistrationTest - ***Clicked on myAccount Link..... ***
16:38:55.031 [main] INFO  testCases.TC001_AccountRegistrationTest - ***Clicked on Register Link..... ***
16:38:55.036 [main] INFO  testCases.TC001_AccountRegistrationTest - ***Providing customer details..... ***
16:38:56.482 [main] INFO  testCases.TC001_AccountRegistrationTest - ***Validating expected message..... ***
16:38:56.515 [main] INFO  testCases.TC001_AccountRegistrationTest - *********Finished TC001_AccountRegistration Test*********
16:42:34.295 [main] INFO  testCases.TC002_LoginPage - *******Starting Login Page**************
16:42:34.963 [main] INFO  testCases.TC002_LoginPage - ******Providing customer details*****
16:42:36.086 [main] INFO  testCases.TC002_LoginPage - ********Finished TC002_LoginPage
16:42:41.330 [main] INFO  testCases.TC001_AccountRegistrationTest - ******** Starting TC001_AccountRegistration Test *******
16:42:41.513 [main] INFO  testCases.TC001_AccountRegistrationTest - ***Clicked on myAccount Link..... ***
16:42:42.063 [main] INFO  testCases.TC001_AccountRegistrationTest - ***Clicked on Register Link..... ***
16:42:42.069 [main] INFO  testCases.TC001_AccountRegistrationTest - ***Providing customer details..... ***
16:42:43.808 [main] INFO  testCases.TC001_AccountRegistrationTest - ***Validating expected message..... ***
16:42:43.867 [main] INFO  testCases.TC001_AccountRegistrationTest - *********Finished TC001_AccountRegistration Test*********
16:43:31.878 [main] INFO  testCases.TC002_LoginPage - *******Starting Login Page**************
16:43:32.281 [main] INFO  testCases.TC002_LoginPage - ******Providing customer details*****
16:43:33.318 [main] INFO  testCases.TC002_LoginPage - ********Finished TC002_LoginPage
16:43:38.409 [main] INFO  testCases.TC001_AccountRegistrationTest - ******** Starting TC001_AccountRegistration Test *******
16:43:38.596 [main] INFO  testCases.TC001_AccountRegistrationTest - ***Clicked on myAccount Link..... ***
16:43:39.113 [main] INFO  testCases.TC001_AccountRegistrationTest - ***Clicked on Register Link..... ***
16:43:39.118 [main] INFO  testCases.TC001_AccountRegistrationTest - ***Providing customer details..... ***
16:43:40.645 [main] INFO  testCases.TC001_AccountRegistrationTest - ***Validating expected message..... ***
16:43:40.705 [main] INFO  testCases.TC001_AccountRegistrationTest - *********Finished TC001_AccountRegistration Test*********
16:45:52.027 [main] INFO  testCases.TC002_LoginPage - *******Starting Login Page**************
16:45:52.409 [main] INFO  testCases.TC002_LoginPage - ******Providing customer details*****
16:45:53.644 [main] INFO  testCases.TC002_LoginPage - ********Finished TC002_LoginPage
16:45:58.792 [main] INFO  testCases.TC001_AccountRegistrationTest - ******** Starting TC001_AccountRegistration Test *******
16:45:58.910 [main] INFO  testCases.TC001_AccountRegistrationTest - ***Clicked on myAccount Link..... ***
16:45:59.394 [main] INFO  testCases.TC001_AccountRegistrationTest - ***Clicked on Register Link..... ***
16:45:59.400 [main] INFO  testCases.TC001_AccountRegistrationTest - ***Providing customer details..... ***
16:46:00.088 [main] INFO  testCases.TC001_AccountRegistrationTest - ***Validating expected message..... ***
16:46:01.138 [main] INFO  testCases.TC001_AccountRegistrationTest - *********Finished TC001_AccountRegistration Test*********
16:47:46.563 [main] INFO  testCases.TC002_LoginPage - *******Starting Login Page**************
16:47:47.096 [main] INFO  testCases.TC002_LoginPage - ******Providing customer details*****
16:47:48.309 [main] INFO  testCases.TC002_LoginPage - ********Finished TC002_LoginPage
16:47:55.013 [main] INFO  testCases.TC001_AccountRegistrationTest - ******** Starting TC001_AccountRegistration Test *******
16:47:55.187 [main] INFO  testCases.TC001_AccountRegistrationTest - ***Clicked on myAccount Link..... ***
16:47:55.765 [main] INFO  testCases.TC001_AccountRegistrationTest - ***Clicked on Register Link..... ***
16:47:55.769 [main] INFO  testCases.TC001_AccountRegistrationTest - ***Providing customer details..... ***
16:47:57.286 [main] INFO  testCases.TC001_AccountRegistrationTest - ***Validating expected message..... ***
16:47:57.340 [main] INFO  testCases.TC001_AccountRegistrationTest - *********Finished TC001_AccountRegistration Test*********
16:51:09.236 [main] INFO  testCases.TC002_LoginPage - *******Starting Login Page**************
16:51:09.818 [main] INFO  testCases.TC002_LoginPage - ******Providing customer details*****
16:51:11.171 [main] INFO  testCases.TC002_LoginPage - ********Finished TC002_LoginPage
16:51:16.273 [main] INFO  testCases.TC001_AccountRegistrationTest - ******** Starting TC001_AccountRegistration Test *******
16:51:16.373 [main] INFO  testCases.TC001_AccountRegistrationTest - ***Clicked on myAccount Link..... ***
16:51:16.823 [main] INFO  testCases.TC001_AccountRegistrationTest - ***Clicked on Register Link..... ***
16:51:16.826 [main] INFO  testCases.TC001_AccountRegistrationTest - ***Providing customer details..... ***
16:51:18.559 [main] INFO  testCases.TC001_AccountRegistrationTest - ***Validating expected message..... ***
16:51:18.612 [main] INFO  testCases.TC001_AccountRegistrationTest - *********Finished TC001_AccountRegistration Test*********
17:10:52.330 [main] INFO  testCases.TC002_LoginPage - *******Starting Login Page**************
17:10:52.814 [main] INFO  testCases.TC002_LoginPage - ******Providing customer details*****
17:10:53.914 [main] INFO  testCases.TC002_LoginPage - ********Finished TC002_LoginPage
17:10:59.110 [main] INFO  testCases.TC001_AccountRegistrationTest - ******** Starting TC001_AccountRegistration Test *******
17:10:59.226 [main] INFO  testCases.TC001_AccountRegistrationTest - ***Clicked on myAccount Link..... ***
17:10:59.673 [main] INFO  testCases.TC001_AccountRegistrationTest - ***Clicked on Register Link..... ***
17:10:59.679 [main] INFO  testCases.TC001_AccountRegistrationTest - ***Providing customer details..... ***
17:11:01.366 [main] INFO  testCases.TC001_AccountRegistrationTest - ***Validating expected message..... ***
17:11:01.422 [main] INFO  testCases.TC001_AccountRegistrationTest - *********Finished TC001_AccountRegistration Test*********
17:31:02.940 [main] INFO  testCases.TC002_LoginPage - *******Starting Login Page**************
17:31:07.972 [main] INFO  testCases.TC001_AccountRegistrationTest - ******** Starting TC001_AccountRegistration Test *******
17:31:42.310 [main] INFO  testCases.TC002_LoginPage - *******Starting Login Page**************
17:31:42.753 [main] INFO  testCases.TC002_LoginPage - ******Providing customer details*****
17:31:43.798 [main] INFO  testCases.TC002_LoginPage - ********Finished TC002_LoginPage
17:31:49.642 [main] INFO  testCases.TC001_AccountRegistrationTest - ******** Starting TC001_AccountRegistration Test *******
17:31:49.783 [main] INFO  testCases.TC001_AccountRegistrationTest - ***Clicked on myAccount Link..... ***
17:31:50.289 [main] INFO  testCases.TC001_AccountRegistrationTest - ***Clicked on Register Link..... ***
17:31:50.293 [main] INFO  testCases.TC001_AccountRegistrationTest - ***Providing customer details..... ***
17:31:51.837 [main] INFO  testCases.TC001_AccountRegistrationTest - ***Validating expected message..... ***
17:31:51.885 [main] INFO  testCases.TC001_AccountRegistrationTest - *********Finished TC001_AccountRegistration Test*********
17:32:31.443 [main] INFO  testCases.TC002_LoginPage - *******Starting Login Page**************
17:32:31.876 [main] INFO  testCases.TC002_LoginPage - ******Providing customer details*****
17:32:32.900 [main] INFO  testCases.TC002_LoginPage - ********Finished TC002_LoginPage
17:32:38.285 [main] INFO  testCases.TC001_AccountRegistrationTest - ******** Starting TC001_AccountRegistration Test *******
17:32:38.493 [main] INFO  testCases.TC001_AccountRegistrationTest - ***Clicked on myAccount Link..... ***
17:32:38.956 [main] INFO  testCases.TC001_AccountRegistrationTest - ***Clicked on Register Link..... ***
17:32:38.959 [main] INFO  testCases.TC001_AccountRegistrationTest - ***Providing customer details..... ***
17:32:40.310 [main] INFO  testCases.TC001_AccountRegistrationTest - ***Validating expected message..... ***
17:32:40.362 [main] INFO  testCases.TC001_AccountRegistrationTest - *********Finished TC001_AccountRegistration Test*********
17:33:23.002 [main] INFO  testCases.TC002_LoginPage - *******Starting Login Page**************
17:33:23.441 [main] INFO  testCases.TC002_LoginPage - ******Providing customer details*****
17:33:24.418 [main] INFO  testCases.TC002_LoginPage - ********Finished TC002_LoginPage
17:33:29.872 [main] INFO  testCases.TC001_AccountRegistrationTest - ******** Starting TC001_AccountRegistration Test *******
17:33:30.093 [main] INFO  testCases.TC001_AccountRegistrationTest - ***Clicked on myAccount Link..... ***
17:33:30.598 [main] INFO  testCases.TC001_AccountRegistrationTest - ***Clicked on Register Link..... ***
17:33:30.600 [main] INFO  testCases.TC001_AccountRegistrationTest - ***Providing customer details..... ***
17:33:31.231 [main] INFO  testCases.TC001_AccountRegistrationTest - ***Validating expected message..... ***
17:33:31.992 [main] INFO  testCases.TC001_AccountRegistrationTest - *********Finished TC001_AccountRegistration Test*********
13:23:26.598 [main] INFO  testCases.TC001_AccountRegistrationTest - ******** Starting TC001_AccountRegistration Test *******
13:23:26.735 [main] INFO  testCases.TC001_AccountRegistrationTest - ***Clicked on myAccount Link..... ***
13:23:27.260 [main] INFO  testCases.TC001_AccountRegistrationTest - ***Clicked on Register Link..... ***
13:23:27.263 [main] INFO  testCases.TC001_AccountRegistrationTest - ***Providing customer details..... ***
13:23:28.756 [main] INFO  testCases.TC001_AccountRegistrationTest - ***Validating expected message..... ***
13:23:28.795 [main] INFO  testCases.TC001_AccountRegistrationTest - *********Finished TC001_AccountRegistration Test*********
13:23:34.105 [main] INFO  testCases.TC002_LoginPage - *******Starting Login Page**************
13:23:34.586 [main] INFO  testCases.TC002_LoginPage - ******Providing customer details*****
13:23:35.550 [main] INFO  testCases.TC002_LoginPage - ********Finished TC002_LoginPage
13:24:38.651 [main] INFO  testCases.TC001_AccountRegistrationTest - ******** Starting TC001_AccountRegistration Test *******
13:24:38.796 [main] INFO  testCases.TC001_AccountRegistrationTest - ***Clicked on myAccount Link..... ***
13:24:39.241 [main] INFO  testCases.TC001_AccountRegistrationTest - ***Clicked on Register Link..... ***
13:24:39.243 [main] INFO  testCases.TC001_AccountRegistrationTest - ***Providing customer details..... ***
13:24:41.050 [main] INFO  testCases.TC001_AccountRegistrationTest - ***Validating expected message..... ***
13:24:41.082 [main] INFO  testCases.TC001_AccountRegistrationTest - *********Finished TC001_AccountRegistration Test*********
13:24:46.271 [main] INFO  testCases.TC002_LoginPage - *******Starting Login Page**************
13:24:46.709 [main] INFO  testCases.TC002_LoginPage - ******Providing customer details*****
13:24:47.677 [main] INFO  testCases.TC002_LoginPage - ********Finished TC002_LoginPage
13:27:38.720 [main] INFO  testCases.TC001_AccountRegistrationTest - ******** Starting TC001_AccountRegistration Test *******
13:27:38.874 [main] INFO  testCases.TC001_AccountRegistrationTest - ***Clicked on myAccount Link..... ***
13:27:39.383 [main] INFO  testCases.TC001_AccountRegistrationTest - ***Clicked on Register Link..... ***
13:27:39.384 [main] INFO  testCases.TC001_AccountRegistrationTest - ***Providing customer details..... ***
13:27:40.830 [main] INFO  testCases.TC001_AccountRegistrationTest - ***Validating expected message..... ***
13:27:40.874 [main] INFO  testCases.TC001_AccountRegistrationTest - *********Finished TC001_AccountRegistration Test*********
13:27:46.074 [main] INFO  testCases.TC002_LoginPage - *******Starting Login Page**************
13:27:46.526 [main] INFO  testCases.TC002_LoginPage - ******Providing customer details*****
13:27:47.502 [main] INFO  testCases.TC002_LoginPage - ********Finished TC002_LoginPage
13:27:52.801 [main] INFO  testCases.TC003_LogoutPage - ******** Starting TC001_AccountRegistration Test *******
13:27:52.940 [main] INFO  testCases.TC003_LogoutPage - ***Clicked on myAccount Link..... ***
13:27:53.459 [main] INFO  testCases.TC003_LogoutPage - ***Clicked on Register Link..... ***
13:27:53.460 [main] INFO  testCases.TC003_LogoutPage - ***Providing customer details..... ***
13:27:54.873 [main] INFO  testCases.TC003_LogoutPage - ***Validating expected message..... ***
13:27:54.908 [main] INFO  testCases.TC003_LogoutPage - *********Finished TC001_AccountRegistration Test*********
13:28:45.706 [main] INFO  testCases.TC001_AccountRegistrationTest - ******** Starting TC001_AccountRegistration Test *******
13:28:45.842 [main] INFO  testCases.TC001_AccountRegistrationTest - ***Clicked on myAccount Link..... ***
13:28:46.385 [main] INFO  testCases.TC001_AccountRegistrationTest - ***Clicked on Register Link..... ***
13:28:46.386 [main] INFO  testCases.TC001_AccountRegistrationTest - ***Providing customer details..... ***
13:28:47.959 [main] INFO  testCases.TC001_AccountRegistrationTest - ***Validating expected message..... ***
13:28:48.007 [main] INFO  testCases.TC001_AccountRegistrationTest - *********Finished TC001_AccountRegistration Test*********
13:28:53.148 [main] INFO  testCases.TC002_LoginPage - *******Starting Login Page**************
13:28:53.599 [main] INFO  testCases.TC002_LoginPage - ******Providing customer details*****
13:28:54.670 [main] INFO  testCases.TC002_LoginPage - ********Finished TC002_LoginPage
13:29:10.167 [main] INFO  testCases.TC003_LogoutPage - ******** Starting TC001_AccountRegistration Test *******
13:29:10.244 [main] INFO  testCases.TC003_LogoutPage - ***Clicked on myAccount Link..... ***
13:38:14.459 [main] INFO  testCases.TC002_LoginPage - *******Starting Login Page**************
13:38:14.906 [main] INFO  testCases.TC002_LoginPage - ******Providing customer details*****
